<?xml version="1.0" encoding="UTF-8"?>
<testng-results ignored="0" total="3" passed="3" failed="0" skipped="0">
  <reporter-output>
  </reporter-output>
  <suite started-at="2023-08-22T10:42:26 IST" name="Default suite" finished-at="2023-08-22T10:43:06 IST" duration-ms="40628">
    <groups>
    </groups>
    <test started-at="2023-08-22T10:42:26 IST" name="Default test" finished-at="2023-08-22T10:43:06 IST" duration-ms="40628">
      <class name="mvn.MainTest">
        <test-method is-config="true" signature="beforetest()[pri:0, instance:mvn.MainTest@759d26fb]" started-at="2023-08-22T10:42:26 IST" name="beforetest" finished-at="2023-08-22T10:42:26 IST" duration-ms="13" status="PASS">
          <reporter-output>
          </reporter-output>
        </test-method> <!-- beforetest -->
        <test-method is-config="true" signature="loadBrowser()[pri:0, instance:mvn.MainTest@759d26fb]" started-at="2023-08-22T10:42:26 IST" name="loadBrowser" finished-at="2023-08-22T10:42:32 IST" duration-ms="6641" status="PASS">
          <reporter-output>
          </reporter-output>
        </test-method> <!-- loadBrowser -->
        <test-method signature="loginDetails()[pri:0, instance:mvn.MainTest@759d26fb]" started-at="2023-08-22T10:42:32 IST" name="loginDetails" finished-at="2023-08-22T10:42:40 IST" duration-ms="7805" status="PASS">
          <reporter-output>
          </reporter-output>
        </test-method> <!-- loginDetails -->
        <test-method signature="sideMenu()[pri:1, instance:mvn.MainTest@759d26fb]" started-at="2023-08-22T10:42:40 IST" name="sideMenu" finished-at="2023-08-22T10:43:01 IST" duration-ms="20670" status="PASS">
          <reporter-output>
          </reporter-output>
        </test-method> <!-- sideMenu -->
        <test-method signature="addToCart()[pri:2, instance:mvn.MainTest@759d26fb]" started-at="2023-08-22T10:43:01 IST" name="addToCart" finished-at="2023-08-22T10:43:03 IST" duration-ms="2209" status="PASS">
          <reporter-output>
          </reporter-output>
        </test-method> <!-- addToCart -->
        <test-method is-config="true" signature="closeBrowser()[pri:0, instance:mvn.MainTest@759d26fb]" started-at="2023-08-22T10:43:03 IST" name="closeBrowser" finished-at="2023-08-22T10:43:06 IST" duration-ms="3176" status="PASS">
          <reporter-output>
          </reporter-output>
        </test-method> <!-- closeBrowser -->
      </class> <!-- mvn.MainTest -->
    </test> <!-- Default test -->
  </suite> <!-- Default suite -->
</testng-results>
